<?xml version="1.0" encoding="UTF-8"?>
<testng-results ignored="0" total="5" passed="5" failed="0" skipped="0">
  <reporter-output>
  </reporter-output>
  <suite started-at="2021-10-10T13:44:00Z" name="Jpet_Store" finished-at="2021-10-10T13:44:21Z" duration-ms="21312">
    <groups>
      <group name="cucumber">
        <method signature="AbstractTestNGCucumberTests.runScenario(io.cucumber.testng.PickleWrapper, io.cucumber.testng.FeatureWrapper)[pri:0, instance:testsuitebddjpet.Jpet_testrunner@51e5fc98]" name="runScenario" class="io.cucumber.testng.AbstractTestNGCucumberTests"/>
      </group> <!-- cucumber -->
    </groups>
    <test started-at="2021-10-10T13:44:00Z" name="test_Jpet" finished-at="2021-10-10T13:44:21Z" duration-ms="21312">
      <class name="testsuitebddjpet.Jpet_testrunner">
        <test-method is-config="true" signature="setUpClass()[pri:0, instance:testsuitebddjpet.Jpet_testrunner@51e5fc98]" started-at="2021-10-10T13:44:00Z" name="setUpClass" finished-at="2021-10-10T13:44:00Z" duration-ms="426" status="PASS">
          <reporter-output>
          </reporter-output>
        </test-method> <!-- setUpClass -->
        <test-method signature="runScenario(io.cucumber.testng.PickleWrapper, io.cucumber.testng.FeatureWrapper)[pri:0, instance:testsuitebddjpet.Jpet_testrunner@51e5fc98]" started-at="2021-10-10T13:44:01Z" name="runScenario" description="Runs Cucumber Scenarios" data-provider="scenarios" finished-at="2021-10-10T13:44:08Z" duration-ms="7922" status="PASS">
          <params>
            <param index="0">
              <value>
                <![CDATA["login with valid credantial"]]>
              </value>
            </param>
            <param index="1">
              <value>
                <![CDATA["Optional[To check Registration,login,search product and add to cart functionality]"]]>
              </value>
            </param>
          </params>
          <reporter-output>
          </reporter-output>
        </test-method> <!-- runScenario -->
        <test-method signature="runScenario(io.cucumber.testng.PickleWrapper, io.cucumber.testng.FeatureWrapper)[pri:0, instance:testsuitebddjpet.Jpet_testrunner@51e5fc98]" started-at="2021-10-10T13:44:08Z" name="runScenario" description="Runs Cucumber Scenarios" data-provider="scenarios" finished-at="2021-10-10T13:44:13Z" duration-ms="4327" status="PASS">
          <params>
            <param index="0">
              <value>
                <![CDATA["login with invalid credentials"]]>
              </value>
            </param>
            <param index="1">
              <value>
                <![CDATA["Optional[To check Registration,login,search product and add to cart functionality]"]]>
              </value>
            </param>
          </params>
          <reporter-output>
          </reporter-output>
        </test-method> <!-- runScenario -->
        <test-method signature="runScenario(io.cucumber.testng.PickleWrapper, io.cucumber.testng.FeatureWrapper)[pri:0, instance:testsuitebddjpet.Jpet_testrunner@51e5fc98]" started-at="2021-10-10T13:44:13Z" name="runScenario" description="Runs Cucumber Scenarios" data-provider="scenarios" finished-at="2021-10-10T13:44:17Z" duration-ms="4316" status="PASS">
          <params>
            <param index="0">
              <value>
                <![CDATA["login with valid credantial"]]>
              </value>
            </param>
            <param index="1">
              <value>
                <![CDATA["Optional[To check Registration,login,search product and add to cart functionality]"]]>
              </value>
            </param>
          </params>
          <reporter-output>
          </reporter-output>
        </test-method> <!-- runScenario -->
        <test-method signature="runScenario(io.cucumber.testng.PickleWrapper, io.cucumber.testng.FeatureWrapper)[pri:0, instance:testsuitebddjpet.Jpet_testrunner@51e5fc98]" started-at="2021-10-10T13:44:17Z" name="runScenario" description="Runs Cucumber Scenarios" data-provider="scenarios" finished-at="2021-10-10T13:44:20Z" duration-ms="2992" status="PASS">
          <params>
            <param index="0">
              <value>
                <![CDATA["Search pet"]]>
              </value>
            </param>
            <param index="1">
              <value>
                <![CDATA["Optional[To check Registration,login,search product and add to cart functionality]"]]>
              </value>
            </param>
          </params>
          <reporter-output>
          </reporter-output>
        </test-method> <!-- runScenario -->
        <test-method signature="runScenario(io.cucumber.testng.PickleWrapper, io.cucumber.testng.FeatureWrapper)[pri:0, instance:testsuitebddjpet.Jpet_testrunner@51e5fc98]" started-at="2021-10-10T13:44:20Z" name="runScenario" description="Runs Cucumber Scenarios" data-provider="scenarios" finished-at="2021-10-10T13:44:21Z" duration-ms="1274" status="PASS">
          <params>
            <param index="0">
              <value>
                <![CDATA["Show cart"]]>
              </value>
            </param>
            <param index="1">
              <value>
                <![CDATA["Optional[To check Registration,login,search product and add to cart functionality]"]]>
              </value>
            </param>
          </params>
          <reporter-output>
          </reporter-output>
        </test-method> <!-- runScenario -->
        <test-method is-config="true" signature="tearDownClass()[pri:0, instance:testsuitebddjpet.Jpet_testrunner@51e5fc98]" started-at="2021-10-10T13:44:21Z" name="tearDownClass" finished-at="2021-10-10T13:44:21Z" duration-ms="16" status="PASS">
          <reporter-output>
          </reporter-output>
        </test-method> <!-- tearDownClass -->
      </class> <!-- testsuitebddjpet.Jpet_testrunner -->
      <class name="base.Base">
        <test-method is-config="true" signature="setup()[pri:0, instance:base.Base@1ffe63b9]" started-at="2021-10-10T13:43:57Z" name="setup" finished-at="2021-10-10T13:44:00Z" duration-ms="2583" status="PASS">
          <reporter-output>
          </reporter-output>
        </test-method> <!-- setup -->
        <test-method is-config="true" signature="tearDown()[pri:0, instance:base.Base@1ffe63b9]" started-at="2021-10-10T13:44:21Z" name="tearDown" finished-at="2021-10-10T13:44:22Z" duration-ms="493" status="PASS">
          <reporter-output>
          </reporter-output>
        </test-method> <!-- tearDown -->
      </class> <!-- base.Base -->
    </test> <!-- test_Jpet -->
  </suite> <!-- Jpet_Store -->
</testng-results>
