<?xml version="1.0" encoding="UTF-8"?>
<!-- Generated by org.testng.reporters.JUnitXMLReporter -->
<testsuite hostname="DESKTOP-1GNGFLF" ignored="0" name="openmrstesting" tests="5" failures="0" timestamp="11 Oct 2021 06:17:28 GMT" time="43.137" errors="0">
  <testcase name="runScenario" time="7.555" classname="io.cucumber.testng.AbstractTestNGCucumberTests"/>
  <testcase name="runScenario" time="4.435" classname="io.cucumber.testng.AbstractTestNGCucumberTests"/>
  <testcase name="runScenario" time="2.25" classname="io.cucumber.testng.AbstractTestNGCucumberTests"/>
  <testcase name="runScenario" time="12.812" classname="io.cucumber.testng.AbstractTestNGCucumberTests"/>
  <testcase name="runScenario" time="15.517" classname="io.cucumber.testng.AbstractTestNGCucumberTests"/>
</testsuite> <!-- openmrstesting -->
