<?xml version="1.0" encoding="UTF-8"?>
<testng-results skipped="0" failed="0" ignored="0" total="5" passed="5">
  <reporter-output>
  </reporter-output>
  <suite name="openmrs" duration-ms="43137" started-at="2021-10-11T06:16:45Z" finished-at="2021-10-11T06:17:28Z">
    <groups>
      <group name="cucumber">
        <method signature="AbstractTestNGCucumberTests.runScenario(io.cucumber.testng.PickleWrapper, io.cucumber.testng.FeatureWrapper)[pri:0, instance:openMrs.openMRSrunner@71423665]" name="runScenario" class="io.cucumber.testng.AbstractTestNGCucumberTests"/>
      </group> <!-- cucumber -->
    </groups>
    <test name="openmrstesting" duration-ms="43137" started-at="2021-10-11T06:16:45Z" finished-at="2021-10-11T06:17:28Z">
      <class name="openMrs.openMRSrunner">
        <test-method status="PASS" signature="setUpClass()[pri:0, instance:openMrs.openMRSrunner@71423665]" name="setUpClass" is-config="true" duration-ms="492" started-at="2021-10-11T06:16:45Z" finished-at="2021-10-11T06:16:46Z">
          <reporter-output>
          </reporter-output>
        </test-method> <!-- setUpClass -->
        <test-method status="PASS" signature="runScenario(io.cucumber.testng.PickleWrapper, io.cucumber.testng.FeatureWrapper)[pri:0, instance:openMrs.openMRSrunner@71423665]" name="runScenario" duration-ms="7555" started-at="2021-10-11T06:16:46Z" description="Runs Cucumber Scenarios" data-provider="scenarios" finished-at="2021-10-11T06:16:53Z">
          <params>
            <param index="0">
              <value>
                <![CDATA["URL should be working"]]>
              </value>
            </param>
            <param index="1">
              <value>
                <![CDATA["Optional[MedicalRecordSystem]"]]>
              </value>
            </param>
          </params>
          <reporter-output>
          </reporter-output>
        </test-method> <!-- runScenario -->
        <test-method status="PASS" signature="runScenario(io.cucumber.testng.PickleWrapper, io.cucumber.testng.FeatureWrapper)[pri:0, instance:openMrs.openMRSrunner@71423665]" name="runScenario" duration-ms="4435" started-at="2021-10-11T06:16:53Z" description="Runs Cucumber Scenarios" data-provider="scenarios" finished-at="2021-10-11T06:16:58Z">
          <params>
            <param index="0">
              <value>
                <![CDATA["User should be able to login"]]>
              </value>
            </param>
            <param index="1">
              <value>
                <![CDATA["Optional[MedicalRecordSystem]"]]>
              </value>
            </param>
          </params>
          <reporter-output>
          </reporter-output>
        </test-method> <!-- runScenario -->
        <test-method status="PASS" signature="runScenario(io.cucumber.testng.PickleWrapper, io.cucumber.testng.FeatureWrapper)[pri:0, instance:openMrs.openMRSrunner@71423665]" name="runScenario" duration-ms="2250" started-at="2021-10-11T06:16:58Z" description="Runs Cucumber Scenarios" data-provider="scenarios" finished-at="2021-10-11T06:17:00Z">
          <params>
            <param index="0">
              <value>
                <![CDATA["Permissions should be according to the location selected"]]>
              </value>
            </param>
            <param index="1">
              <value>
                <![CDATA["Optional[MedicalRecordSystem]"]]>
              </value>
            </param>
          </params>
          <reporter-output>
          </reporter-output>
        </test-method> <!-- runScenario -->
        <test-method status="PASS" signature="runScenario(io.cucumber.testng.PickleWrapper, io.cucumber.testng.FeatureWrapper)[pri:0, instance:openMrs.openMRSrunner@71423665]" name="runScenario" duration-ms="12812" started-at="2021-10-11T06:17:00Z" description="Runs Cucumber Scenarios" data-provider="scenarios" finished-at="2021-10-11T06:17:13Z">
          <params>
            <param index="0">
              <value>
                <![CDATA["User should be able to find patient records"]]>
              </value>
            </param>
            <param index="1">
              <value>
                <![CDATA["Optional[MedicalRecordSystem]"]]>
              </value>
            </param>
          </params>
          <reporter-output>
          </reporter-output>
        </test-method> <!-- runScenario -->
        <test-method status="PASS" signature="runScenario(io.cucumber.testng.PickleWrapper, io.cucumber.testng.FeatureWrapper)[pri:0, instance:openMrs.openMRSrunner@71423665]" name="runScenario" duration-ms="15517" started-at="2021-10-11T06:17:13Z" description="Runs Cucumber Scenarios" data-provider="scenarios" finished-at="2021-10-11T06:17:28Z">
          <params>
            <param index="0">
              <value>
                <![CDATA["User should be able to register a patient"]]>
              </value>
            </param>
            <param index="1">
              <value>
                <![CDATA["Optional[MedicalRecordSystem]"]]>
              </value>
            </param>
          </params>
          <reporter-output>
          </reporter-output>
        </test-method> <!-- runScenario -->
        <test-method status="PASS" signature="tearDownClass()[pri:0, instance:openMrs.openMRSrunner@71423665]" name="tearDownClass" is-config="true" duration-ms="22" started-at="2021-10-11T06:17:28Z" finished-at="2021-10-11T06:17:28Z">
          <reporter-output>
          </reporter-output>
        </test-method> <!-- tearDownClass -->
      </class> <!-- openMrs.openMRSrunner -->
    </test> <!-- openmrstesting -->
  </suite> <!-- openmrs -->
</testng-results>
